1.3208 	WARNING 	We strongly recommend you activate the PTB sound engine in PsychoPy prefs as the preferred audio engine. Its timing is vastly superior. Your prefs are currently set to use ['sounddevice', 'PTB', 'pyo', 'pygame'] (in that order).
17.9022 	WARNING 	User requested fullscreen with size [1024  768], but screen is actually [1920, 1080]. Using actual size
19.7593 	EXP 	Created window1 = Window(allowGUI=False, allowStencil=False, args=UNKNOWN, autoLog=True, bitsMode=UNKNOWN, blendMode='avg', bpc=(8, 8, 8), color=array([0., 0., 0.]), colorSpace='rgb', depthBits=8, fullscr=<method-wrapper '__getattribute__' of attributeSetter object at 0x00000212EE9C84E0>, gamma=None, gammaErrorPolicy='raise', kwargs=UNKNOWN, lms=UNKNOWN, monitor=<psychopy.monitors.calibTools.Monitor object at 0x00000212EE6CB668>, multiSample=False, name='window1', numSamples=2, pos=[0.0, 0.0], screen=0, size=array([1920, 1080]), stencilBits=0, stereo=False, units='height', useFBO=True, useRetina=False, viewOri=0.0, viewPos=None, viewScale=None, waitBlanking=True, winType='pyglet')
19.7596 	EXP 	window1: mouseVisible = True
19.7596 	EXP 	window1: recordFrameIntervals = False
19.9259 	EXP 	window1: recordFrameIntervals = True
20.1085 	EXP 	window1: recordFrameIntervals = False
20.6865 	EXP 	Created welcome_text1 = TextStim(__class__=<class 'psychopy.visual.text.TextStim'>, alignHoriz=method-wrapper(...), alignText='center', alignVert=method-wrapper(...), anchorHoriz='center', anchorVert='center', antialias=True, autoLog=True, bold=False, color='white', colorSpace='named', contrast=1.0, depth=0.0, flipHoriz=False, flipVert=False, font='Arial', fontFiles=[], height=0.1, italic=False, languageStyle='LTR', name='welcome_text1', opacity=1.0, ori=0, pos=array([0. , 0.3]), rgb=array([255., 255., 255.]), text='Welcome to the Experiment!', units='height', win=Window(...), wrapWidth=1)
20.7124 	EXP 	Created welcome_text2 = TextStim(__class__=<class 'psychopy.visual.text.TextStim'>, alignHoriz=method-wrapper(...), alignText='center', alignVert=method-wrapper(...), anchorHoriz='center', anchorVert='center', antialias=True, autoLog=True, bold=False, color='white', colorSpace='named', contrast=1.0, depth=-1.0, flipHoriz=False, flipVert=False, font='Arial', fontFiles=[], height=0.05, italic=False, languageStyle='LTR', name='welcome_text2', opacity=1.0, ori=0, pos=array([0., 0.]), rgb=array([255., 255., 255.]), text='We appreciate your participation.', units='height', win=Window(...), wrapWidth=1)
20.7399 	EXP 	Created welcome_text3 = TextStim(__class__=<class 'psychopy.visual.text.TextStim'>, alignHoriz=method-wrapper(...), alignText='center', alignVert=method-wrapper(...), anchorHoriz='center', anchorVert='center', antialias=True, autoLog=True, bold=False, color='white', colorSpace='named', contrast=1.0, depth=-2.0, flipHoriz=False, flipVert=False, font='Arial', fontFiles=[], height=0.03, italic=False, languageStyle='LTR', name='welcome_text3', opacity=1.0, ori=0, pos=array([ 0.  , -0.35]), rgb=array([255., 255., 255.]), text='Press “enter” or “return” to continue.', units='height', win=Window(...), wrapWidth=1)
20.7498 	EXP 	Created instruct_text1 = TextStim(__class__=<class 'psychopy.visual.text.TextStim'>, alignHoriz=method-wrapper(...), alignText='center', alignVert=method-wrapper(...), anchorHoriz='center', anchorVert='center', antialias=True, autoLog=True, bold=False, color='white', colorSpace='named', contrast=1.0, depth=0.0, flipHoriz=False, flipVert=False, font='Arial', fontFiles=[], height=0.05, italic=False, languageStyle='LTR', name='instruct_text1', opacity=1.0, ori=0, pos=array([0.  , 0.15]), rgb=array([255., 255., 255.]), text='default text', units='height', win=Window(...), wrapWidth=1)
20.7566 	EXP 	Created instruct_text2 = TextStim(__class__=<class 'psychopy.visual.text.TextStim'>, alignHoriz=method-wrapper(...), alignText='center', alignVert=method-wrapper(...), anchorHoriz='center', anchorVert='center', antialias=True, autoLog=True, bold=False, color='white', colorSpace='named', contrast=1.0, depth=-1.0, flipHoriz=False, flipVert=False, font='Arial', fontFiles=[], height=0.03, italic=False, languageStyle='LTR', name='instruct_text2', opacity=1.0, ori=0, pos=array([ 0.  , -0.35]), rgb=array([255., 255., 255.]), text='Press “enter” or “return” to continue.', units='height', win=Window(...), wrapWidth=1)
20.7677 	EXP 	Created start_text1 = TextStim(__class__=<class 'psychopy.visual.text.TextStim'>, alignHoriz=method-wrapper(...), alignText='center', alignVert=method-wrapper(...), anchorHoriz='center', anchorVert='center', antialias=True, autoLog=True, bold=False, color='white', colorSpace='named', contrast=1.0, depth=0.0, flipHoriz=False, flipVert=False, font='Arial', fontFiles=[], height=0.05, italic=False, languageStyle='LTR', name='start_text1', opacity=1.0, ori=0, pos=array([0., 0.]), rgb=array([255., 255., 255.]), text='Starting Block 1.', units='height', win=Window(...), wrapWidth=1)
20.7763 	EXP 	Created start_text2 = TextStim(__class__=<class 'psychopy.visual.text.TextStim'>, alignHoriz=method-wrapper(...), alignText='center', alignVert=method-wrapper(...), anchorHoriz='center', anchorVert='center', antialias=True, autoLog=True, bold=False, color='white', colorSpace='named', contrast=1.0, depth=-1.0, flipHoriz=False, flipVert=False, font='Arial', fontFiles=[], height=0.03, italic=False, languageStyle='LTR', name='start_text2', opacity=1.0, ori=0, pos=array([ 0.  , -0.35]), rgb=array([255., 255., 255.]), text='Press “s” to start the block.', units='height', win=Window(...), wrapWidth=1)
20.7797 	EXP 	Created image1 = ImageStim(__class__=<class 'psychopy.visual.image.ImageStim'>, autoLog=True, color=array([1., 1., 1.]), colorSpace='rgb', contrast=1.0, depth=0.0, flipHoriz=False, flipVert=False, image='sin', interpolate=True, mask=None, maskParams=None, name='image1', opacity=1.0, ori=0.0, pos=array([0., 0.]), size=array([0.5, 0.5]), texRes=512, units='height', win=Window(...))
20.7885 	EXP 	Created text1 = TextStim(__class__=<class 'psychopy.visual.text.TextStim'>, alignHoriz=method-wrapper(...), alignText='center', alignVert=method-wrapper(...), anchorHoriz='center', anchorVert='center', antialias=True, autoLog=True, bold=False, color='white', colorSpace='named', contrast=1.0, depth=-1.0, flipHoriz=False, flipVert=False, font='Arial', fontFiles=[], height=0.03, italic=False, languageStyle='LTR', name='text1', opacity=1.0, ori=0, pos=array([ 0. , -0.4]), rgb=array([255., 255., 255.]), text='<-  or  ->', units='height', win=Window(...), wrapWidth=1)
20.8043 	EXP 	Created feedback_text1 = TextStim(__class__=<class 'psychopy.visual.text.TextStim'>, alignHoriz=method-wrapper(...), alignText='center', alignVert=method-wrapper(...), anchorHoriz='center', anchorVert='center', antialias=True, autoLog=True, bold=False, color='white', colorSpace='named', contrast=1.0, depth=-1.0, flipHoriz=False, flipVert=False, font='Arial', fontFiles=[], height=0.1, italic=False, languageStyle='LTR', name='feedback_text1', opacity=1.0, ori=0, pos=array([0., 0.]), rgb=array([255., 255., 255.]), text='default text', units='height', win=Window(...), wrapWidth=1)
20.8459 	EXP 	Created break_text1 = TextStim(__class__=<class 'psychopy.visual.text.TextStim'>, alignHoriz=method-wrapper(...), alignText='center', alignVert=method-wrapper(...), anchorHoriz='center', anchorVert='center', antialias=True, autoLog=True, bold=False, color='white', colorSpace='named', contrast=1.0, depth=0.0, flipHoriz=False, flipVert=False, font='Arial', fontFiles=[], height=0.035, italic=False, languageStyle='LTR', name='break_text1', opacity=1.0, ori=0, pos=array([0., 0.]), rgb=array([255., 255., 255.]), text=str(...), units='height', win=Window(...), wrapWidth=1)
20.8924 	EXP 	Created intructRemind_text1 = TextStim(__class__=<class 'psychopy.visual.text.TextStim'>, alignHoriz=method-wrapper(...), alignText='center', alignVert=method-wrapper(...), anchorHoriz='center', anchorVert='center', antialias=True, autoLog=True, bold=False, color='white', colorSpace='named', contrast=1.0, depth=0.0, flipHoriz=False, flipVert=False, font='Arial', fontFiles=[], height=0.05, italic=False, languageStyle='LTR', name='intructRemind_text1', opacity=1.0, ori=0, pos=array([0. , 0.2]), rgb=array([255., 255., 255.]), text=str(...), units='height', win=Window(...), wrapWidth=1)
20.9039 	EXP 	Created instructRemind_text2 = TextStim(__class__=<class 'psychopy.visual.text.TextStim'>, alignHoriz=method-wrapper(...), alignText='center', alignVert=method-wrapper(...), anchorHoriz='center', anchorVert='center', antialias=True, autoLog=True, bold=False, color='white', colorSpace='named', contrast=1.0, depth=-1.0, flipHoriz=False, flipVert=False, font='Arial', fontFiles=[], height=0.03, italic=False, languageStyle='LTR', name='instructRemind_text2', opacity=1.0, ori=0, pos=array([ 0.  , -0.35]), rgb=array([255., 255., 255.]), text='Press “enter” or “return” to continue.', units='height', win=Window(...), wrapWidth=1)
20.9150 	EXP 	Created start_text3 = TextStim(__class__=<class 'psychopy.visual.text.TextStim'>, alignHoriz=method-wrapper(...), alignText='center', alignVert=method-wrapper(...), anchorHoriz='center', anchorVert='center', antialias=True, autoLog=True, bold=False, color='white', colorSpace='named', contrast=1.0, depth=0.0, flipHoriz=False, flipVert=False, font='Arial', fontFiles=[], height=0.05, italic=False, languageStyle='LTR', name='start_text3', opacity=1.0, ori=0, pos=array([0., 0.]), rgb=array([255., 255., 255.]), text='Starting Block 2.', units='height', win=Window(...), wrapWidth=1)
20.9228 	EXP 	Created start_text4 = TextStim(__class__=<class 'psychopy.visual.text.TextStim'>, alignHoriz=method-wrapper(...), alignText='center', alignVert=method-wrapper(...), anchorHoriz='center', anchorVert='center', antialias=True, autoLog=True, bold=False, color='white', colorSpace='named', contrast=1.0, depth=-1.0, flipHoriz=False, flipVert=False, font='Arial', fontFiles=[], height=0.03, italic=False, languageStyle='LTR', name='start_text4', opacity=1.0, ori=0, pos=array([ 0.  , -0.35]), rgb=array([255., 255., 255.]), text='Press “s” to start the block.', units='height', win=Window(...), wrapWidth=1)
20.9256 	EXP 	Created image2 = ImageStim(__class__=<class 'psychopy.visual.image.ImageStim'>, autoLog=True, color=array([1., 1., 1.]), colorSpace='rgb', contrast=1.0, depth=0.0, flipHoriz=False, flipVert=False, image='sin', interpolate=True, mask=None, maskParams=None, name='image2', opacity=1.0, ori=0.0, pos=array([0., 0.]), size=array([0.5, 0.5]), texRes=512, units='height', win=Window(...))
20.9318 	EXP 	Created text2 = TextStim(__class__=<class 'psychopy.visual.text.TextStim'>, alignHoriz=method-wrapper(...), alignText='center', alignVert=method-wrapper(...), anchorHoriz='center', anchorVert='center', antialias=True, autoLog=True, bold=False, color='white', colorSpace='named', contrast=1.0, depth=-1.0, flipHoriz=False, flipVert=False, font='Arial', fontFiles=[], height=0.03, italic=False, languageStyle='LTR', name='text2', opacity=1.0, ori=0, pos=array([ 0. , -0.4]), rgb=array([255., 255., 255.]), text='<-  or  ->', units='height', win=Window(...), wrapWidth=1)
20.9461 	EXP 	Created feedback_text2 = TextStim(__class__=<class 'psychopy.visual.text.TextStim'>, alignHoriz=method-wrapper(...), alignText='center', alignVert=method-wrapper(...), anchorHoriz='center', anchorVert='center', antialias=True, autoLog=True, bold=False, color='white', colorSpace='named', contrast=1.0, depth=-1.0, flipHoriz=False, flipVert=False, font='Arial', fontFiles=[], height=0.1, italic=False, languageStyle='LTR', name='feedback_text2', opacity=1.0, ori=0, pos=array([0., 0.]), rgb=array([255., 255., 255.]), text='default text', units='height', win=Window(...), wrapWidth=1)
20.9709 	EXP 	Created break_text2 = TextStim(__class__=<class 'psychopy.visual.text.TextStim'>, alignHoriz=method-wrapper(...), alignText='center', alignVert=method-wrapper(...), anchorHoriz='center', anchorVert='center', antialias=True, autoLog=True, bold=False, color='white', colorSpace='named', contrast=1.0, depth=0.0, flipHoriz=False, flipVert=False, font='Arial', fontFiles=[], height=0.035, italic=False, languageStyle='LTR', name='break_text2', opacity=1.0, ori=0, pos=array([0., 0.]), rgb=array([255., 255., 255.]), text=str(...), units='height', win=Window(...), wrapWidth=1)
21.0134 	EXP 	Created intructRemind_text1 = TextStim(__class__=<class 'psychopy.visual.text.TextStim'>, alignHoriz=method-wrapper(...), alignText='center', alignVert=method-wrapper(...), anchorHoriz='center', anchorVert='center', antialias=True, autoLog=True, bold=False, color='white', colorSpace='named', contrast=1.0, depth=0.0, flipHoriz=False, flipVert=False, font='Arial', fontFiles=[], height=0.05, italic=False, languageStyle='LTR', name='intructRemind_text1', opacity=1.0, ori=0, pos=array([0. , 0.2]), rgb=array([255., 255., 255.]), text=str(...), units='height', win=Window(...), wrapWidth=1)
21.0255 	EXP 	Created instructRemind_text2 = TextStim(__class__=<class 'psychopy.visual.text.TextStim'>, alignHoriz=method-wrapper(...), alignText='center', alignVert=method-wrapper(...), anchorHoriz='center', anchorVert='center', antialias=True, autoLog=True, bold=False, color='white', colorSpace='named', contrast=1.0, depth=-1.0, flipHoriz=False, flipVert=False, font='Arial', fontFiles=[], height=0.03, italic=False, languageStyle='LTR', name='instructRemind_text2', opacity=1.0, ori=0, pos=array([ 0.  , -0.35]), rgb=array([255., 255., 255.]), text='Press “enter” or “return” to continue.', units='height', win=Window(...), wrapWidth=1)
21.0332 	EXP 	Created start_text5 = TextStim(__class__=<class 'psychopy.visual.text.TextStim'>, alignHoriz=method-wrapper(...), alignText='center', alignVert=method-wrapper(...), anchorHoriz='center', anchorVert='center', antialias=True, autoLog=True, bold=False, color='white', colorSpace='named', contrast=1.0, depth=0.0, flipHoriz=False, flipVert=False, font='Arial', fontFiles=[], height=0.05, italic=False, languageStyle='LTR', name='start_text5', opacity=1.0, ori=0, pos=array([0., 0.]), rgb=array([255., 255., 255.]), text='Starting Block 3.', units='height', win=Window(...), wrapWidth=1)
21.0415 	EXP 	Created start_text6 = TextStim(__class__=<class 'psychopy.visual.text.TextStim'>, alignHoriz=method-wrapper(...), alignText='center', alignVert=method-wrapper(...), anchorHoriz='center', anchorVert='center', antialias=True, autoLog=True, bold=False, color='white', colorSpace='named', contrast=1.0, depth=-1.0, flipHoriz=False, flipVert=False, font='Arial', fontFiles=[], height=0.03, italic=False, languageStyle='LTR', name='start_text6', opacity=1.0, ori=0, pos=array([ 0.  , -0.35]), rgb=array([255., 255., 255.]), text='Press “s” to start the block.', units='height', win=Window(...), wrapWidth=1)
21.0442 	EXP 	Created image3 = ImageStim(__class__=<class 'psychopy.visual.image.ImageStim'>, autoLog=True, color=array([1., 1., 1.]), colorSpace='rgb', contrast=1.0, depth=0.0, flipHoriz=False, flipVert=False, image='sin', interpolate=True, mask=None, maskParams=None, name='image3', opacity=1.0, ori=0.0, pos=array([0., 0.]), size=array([0.5, 0.5]), texRes=512, units='height', win=Window(...))
21.0497 	EXP 	Created text3 = TextStim(__class__=<class 'psychopy.visual.text.TextStim'>, alignHoriz=method-wrapper(...), alignText='center', alignVert=method-wrapper(...), anchorHoriz='center', anchorVert='center', antialias=True, autoLog=True, bold=False, color='white', colorSpace='named', contrast=1.0, depth=-1.0, flipHoriz=False, flipVert=False, font='Arial', fontFiles=[], height=0.03, italic=False, languageStyle='LTR', name='text3', opacity=1.0, ori=0, pos=array([ 0. , -0.4]), rgb=array([255., 255., 255.]), text='<-  or  ->', units='height', win=Window(...), wrapWidth=1)
21.0642 	EXP 	Created feedback_text3 = TextStim(__class__=<class 'psychopy.visual.text.TextStim'>, alignHoriz=method-wrapper(...), alignText='center', alignVert=method-wrapper(...), anchorHoriz='center', anchorVert='center', antialias=True, autoLog=True, bold=False, color='white', colorSpace='named', contrast=1.0, depth=-1.0, flipHoriz=False, flipVert=False, font='Arial', fontFiles=[], height=0.1, italic=False, languageStyle='LTR', name='feedback_text3', opacity=1.0, ori=0, pos=array([0., 0.]), rgb=array([255., 255., 255.]), text='default text', units='height', win=Window(...), wrapWidth=1)
21.0731 	EXP 	Created end_text1 = TextStim(__class__=<class 'psychopy.visual.text.TextStim'>, alignHoriz=method-wrapper(...), alignText='center', alignVert=method-wrapper(...), anchorHoriz='center', anchorVert='center', antialias=True, autoLog=True, bold=False, color='white', colorSpace='named', contrast=1.0, depth=0.0, flipHoriz=False, flipVert=False, font='Arial', fontFiles=[], height=0.05, italic=False, languageStyle='LTR', name='end_text1', opacity=1.0, ori=0, pos=array([0., 0.]), rgb=array([255., 255., 255.]), text='You have finished the experiment!', units='height', win=Window(...), wrapWidth=1)
21.0776 	EXP 	Created end_text2 = TextStim(__class__=<class 'psychopy.visual.text.TextStim'>, alignHoriz=method-wrapper(...), alignText='center', alignVert=method-wrapper(...), anchorHoriz='center', anchorVert='center', antialias=True, autoLog=True, bold=False, color='white', colorSpace='named', contrast=1.0, depth=-1.0, flipHoriz=False, flipVert=False, font='Arial', fontFiles=[], height=0.03, italic=False, languageStyle='LTR', name='end_text2', opacity=1.0, ori=0, pos=array([ 0.  , -0.35]), rgb=array([255., 255., 255.]), text='Press “e” to exit.', units='height', win=Window(...), wrapWidth=1)
21.1131 	EXP 	welcome_text1: autoDraw = True
21.1131 	EXP 	welcome_text2: autoDraw = True
21.1131 	EXP 	welcome_text3: autoDraw = True
23.7270 	DATA 	Keypress: return
23.8892 	EXP 	Imported instructions/Instructions.xlsx as conditions, 7 conditions, 1 params
23.8901 	EXP 	Created sequence: sequential, trialTypes=7, nReps=1, seed=None
23.8904 	EXP 	New trial (rep=0, index=0): OrderedDict([('Text', 'You will be presented with a series of images. It is your job to learn, through trial and error, whether the “Left” or “Right” arrow key should be pressed for each image.')])
23.9202 	EXP 	welcome_text1: autoDraw = False
23.9202 	EXP 	welcome_text2: autoDraw = False
23.9202 	EXP 	welcome_text3: autoDraw = False
23.9202 	EXP 	instruct_text1: text = 'You will be presented with a series of images. It is your job to learn, through trial and error, whether the “Left” or “Right” arrow key should be pressed for each image.'
23.9202 	EXP 	instruct_text1: autoDraw = True
23.9202 	EXP 	instruct_text2: autoDraw = True
32.2698 	DATA 	Keypress: return
32.2938 	EXP 	New trial (rep=0, index=1): OrderedDict([('Text', 'For some images you should always press “Left”, and for others you should always press “Right” arrow key.')])
32.3086 	EXP 	instruct_text1: autoDraw = False
32.3086 	EXP 	instruct_text2: autoDraw = False
32.3086 	EXP 	instruct_text1: text = 'For some images you should always press “Left”, and for others you should always press “Right” arrow key.'
32.3086 	EXP 	instruct_text1: autoDraw = True
32.3086 	EXP 	instruct_text2: autoDraw = True
37.6819 	EXP 	New trial (rep=0, index=2): OrderedDict([('Text', 'Some images are special: the correct response is the opposite of the preceding correct response.')])
37.6940 	DATA 	Keypress: return
37.6984 	EXP 	instruct_text1: autoDraw = False
37.6984 	EXP 	instruct_text2: autoDraw = False
37.6984 	EXP 	instruct_text1: text = 'Some images are special: the correct response is the opposite of the preceding correct response.'
37.6984 	EXP 	instruct_text1: autoDraw = True
37.6984 	EXP 	instruct_text2: autoDraw = True
42.1615 	EXP 	New trial (rep=0, index=3): OrderedDict([('Text', 'That is, if the previous correct answer was “Left” then the correct response would now be “Right”.')])
42.1767 	DATA 	Keypress: return
42.1811 	EXP 	instruct_text1: autoDraw = False
42.1811 	EXP 	instruct_text2: autoDraw = False
42.1811 	EXP 	instruct_text1: text = 'That is, if the previous correct answer was “Left” then the correct response would now be “Right”.'
42.1811 	EXP 	instruct_text1: autoDraw = True
42.1811 	EXP 	instruct_text2: autoDraw = True
48.8892 	EXP 	New trial (rep=0, index=4): OrderedDict([('Text', 'After each response, you will be told whether you got the item correct or incorrect.')])
48.9049 	DATA 	Keypress: return
48.9091 	EXP 	instruct_text1: autoDraw = False
48.9091 	EXP 	instruct_text2: autoDraw = False
48.9091 	EXP 	instruct_text1: text = 'After each response, you will be told whether you got the item correct or incorrect.'
48.9091 	EXP 	instruct_text1: autoDraw = True
48.9091 	EXP 	instruct_text2: autoDraw = True
52.2694 	EXP 	New trial (rep=0, index=5): OrderedDict([('Text', 'You can take as long as you like on each image, but the task will not continue until you press the “Left” or “Right” arrow key.')])
52.2833 	DATA 	Keypress: return
52.2874 	EXP 	instruct_text1: autoDraw = False
52.2874 	EXP 	instruct_text2: autoDraw = False
52.2874 	EXP 	instruct_text1: text = 'You can take as long as you like on each image, but the task will not continue until you press the “Left” or “Right” arrow key.'
52.2874 	EXP 	instruct_text1: autoDraw = True
52.2874 	EXP 	instruct_text2: autoDraw = True
58.5820 	DATA 	Keypress: return
58.5980 	EXP 	New trial (rep=0, index=6): OrderedDict([('Text', 'The experiment will have three blocks, each block will take approximately 10 minutes to complete.')])
58.6221 	EXP 	instruct_text1: autoDraw = False
58.6221 	EXP 	instruct_text2: autoDraw = False
58.6221 	EXP 	instruct_text1: text = 'The experiment will have three blocks, each block will take approximately 10 minutes to complete.'
58.6221 	EXP 	instruct_text1: autoDraw = True
58.6221 	EXP 	instruct_text2: autoDraw = True
65.7087 	DATA 	Keypress: return
65.7378 	EXP 	instruct_text1: autoDraw = False
65.7378 	EXP 	instruct_text2: autoDraw = False
65.7378 	EXP 	start_text1: autoDraw = True
65.7378 	EXP 	start_text2: autoDraw = True
67.0241 	DATA 	Keypress: return
68.2688 	EXP 	window1: mouseVisible = True
